  stdafx.cpp
  populateEmitters.cpp
c:\users\juggernaut\documents\opengl\c++ game programming\projects\twl\twl\populateemitters.cpp(26): warning C4244: 'argument': conversion from 'const int' to 'float', possible loss of data
c:\users\juggernaut\documents\opengl\c++ game programming\projects\twl\twl\populateemitters.cpp(25): warning C4244: 'argument': conversion from 'const int' to 'float', possible loss of data
c:\users\juggernaut\documents\opengl\c++ game programming\projects\twl\twl\populateemitters.cpp(24): warning C4244: 'argument': conversion from 'int' to 'float', possible loss of data
c:\users\juggernaut\documents\opengl\c++ game programming\projects\twl\twl\populateemitters.cpp(23): warning C4244: 'argument': conversion from 'int' to 'float', possible loss of data
c:\users\juggernaut\documents\opengl\c++ game programming\projects\twl\twl\populateemitters.cpp(30): warning C4244: 'argument': conversion from 'int' to 'float', possible loss of data
c:\users\juggernaut\documents\opengl\c++ game programming\projects\twl\twl\populateemitters.cpp(34): warning C4244: '=': conversion from 'int' to 'float', possible loss of data
c:\users\juggernaut\documents\opengl\c++ game programming\projects\twl\twl\populateemitters.cpp(35): warning C4244: '=': conversion from 'int' to 'float', possible loss of data
c:\users\juggernaut\documents\opengl\c++ game programming\projects\twl\twl\populateemitters.cpp(36): warning C4244: '=': conversion from 'int' to 'float', possible loss of data
c:\users\juggernaut\documents\opengl\c++ game programming\projects\twl\twl\populateemitters.cpp(37): warning C4244: '=': conversion from 'int' to 'float', possible loss of data
  Update.cpp
c:\users\juggernaut\documents\opengl\c++ game programming\projects\twl\twl\update.cpp(13): warning C4244: 'argument': conversion from 'const int' to 'float', possible loss of data
c:\users\juggernaut\documents\opengl\c++ game programming\projects\twl\twl\update.cpp(14): warning C4244: 'argument': conversion from 'const int' to 'float', possible loss of data
  Thomas.cpp
c:\users\juggernaut\documents\opengl\c++ game programming\projects\twl\twl\thomas.cpp(9): warning C4305: '=': truncation from 'double' to 'float'
  TextureHolder.cpp
  SoundManager.cpp
  PlayableCharacter.cpp
c:\users\juggernaut\documents\opengl\c++ game programming\projects\twl\twl\playablecharacter.cpp(53): warning C4244: '=': conversion from 'double' to 'float', possible loss of data
c:\users\juggernaut\documents\opengl\c++ game programming\projects\twl\twl\playablecharacter.cpp(58): warning C4244: '=': conversion from 'double' to 'float', possible loss of data
c:\users\juggernaut\documents\opengl\c++ game programming\projects\twl\twl\playablecharacter.cpp(60): warning C4244: '=': conversion from 'double' to 'float', possible loss of data
c:\users\juggernaut\documents\opengl\c++ game programming\projects\twl\twl\playablecharacter.cpp(63): warning C4244: '=': conversion from 'double' to 'float', possible loss of data
c:\users\juggernaut\documents\opengl\c++ game programming\projects\twl\twl\playablecharacter.cpp(65): warning C4244: '=': conversion from 'double' to 'float', possible loss of data
  ParticleSystem.cpp
c:\users\juggernaut\documents\opengl\c++ game programming\projects\twl\twl\particlesystem.cpp(13): warning C4244: 'argument': conversion from 'time_t' to 'unsigned int', possible loss of data
  Particle.cpp
  Main.cpp
  LoadLevel.cpp
c:\users\juggernaut\documents\opengl\c++ game programming\projects\twl\twl\loadlevel.cpp(22): warning C4244: 'argument': conversion from 'const int' to 'float', possible loss of data
c:\users\juggernaut\documents\opengl\c++ game programming\projects\twl\twl\loadlevel.cpp(23): warning C4244: 'argument': conversion from 'const int' to 'float', possible loss of data
  LevelManager.cpp
c:\users\juggernaut\documents\opengl\c++ game programming\projects\twl\twl\levelmanager.cpp(69): warning C4267: '=': conversion from 'size_t' to 'int', possible loss of data
c:\users\juggernaut\documents\opengl\c++ game programming\projects\twl\twl\levelmanager.cpp(115): warning C4244: 'argument': conversion from 'int' to 'float', possible loss of data
c:\users\juggernaut\documents\opengl\c++ game programming\projects\twl\twl\levelmanager.cpp(118): warning C4244: 'argument': conversion from 'int' to 'float', possible loss of data
c:\users\juggernaut\documents\opengl\c++ game programming\projects\twl\twl\levelmanager.cpp(121): warning C4244: 'argument': conversion from 'int' to 'float', possible loss of data
c:\users\juggernaut\documents\opengl\c++ game programming\projects\twl\twl\levelmanager.cpp(124): warning C4244: 'argument': conversion from 'int' to 'float', possible loss of data
c:\users\juggernaut\documents\opengl\c++ game programming\projects\twl\twl\levelmanager.cpp(130): warning C4244: 'argument': conversion from 'int' to 'float', possible loss of data
c:\users\juggernaut\documents\opengl\c++ game programming\projects\twl\twl\levelmanager.cpp(133): warning C4244: 'argument': conversion from 'int' to 'float', possible loss of data
c:\users\juggernaut\documents\opengl\c++ game programming\projects\twl\twl\levelmanager.cpp(133): warning C4244: 'argument': conversion from 'const int' to 'float', possible loss of data
c:\users\juggernaut\documents\opengl\c++ game programming\projects\twl\twl\levelmanager.cpp(136): warning C4244: 'argument': conversion from 'int' to 'float', possible loss of data
c:\users\juggernaut\documents\opengl\c++ game programming\projects\twl\twl\levelmanager.cpp(136): warning C4244: 'argument': conversion from 'const int' to 'float', possible loss of data
c:\users\juggernaut\documents\opengl\c++ game programming\projects\twl\twl\levelmanager.cpp(139): warning C4244: 'argument': conversion from 'int' to 'float', possible loss of data
  Input.cpp
  HUD.cpp
c:\users\juggernaut\documents\opengl\c++ game programming\projects\twl\twl\hud.cpp(28): warning C4244: 'argument': conversion from 'unsigned int' to 'float', possible loss of data
  Engine.cpp
c:\users\juggernaut\documents\opengl\c++ game programming\projects\twl\twl\engine.cpp(8): warning C4244: '=': conversion from 'unsigned int' to 'float', possible loss of data
c:\users\juggernaut\documents\opengl\c++ game programming\projects\twl\twl\engine.cpp(9): warning C4244: '=': conversion from 'unsigned int' to 'float', possible loss of data
c:\users\juggernaut\documents\opengl\c++ game programming\projects\twl\twl\engine.cpp(11): warning C4244: 'argument': conversion from 'float' to 'unsigned int', possible loss of data
  Draw.cpp
  DetectCollisions.cpp
c:\users\juggernaut\documents\opengl\c++ game programming\projects\twl\twl\detectcollisions.cpp(10): warning C4244: '=': conversion from 'const int' to 'float', possible loss of data
c:\users\juggernaut\documents\opengl\c++ game programming\projects\twl\twl\detectcollisions.cpp(11): warning C4244: '=': conversion from 'const int' to 'float', possible loss of data
c:\users\juggernaut\documents\opengl\c++ game programming\projects\twl\twl\detectcollisions.cpp(29): warning C4244: 'argument': conversion from 'int' to 'float', possible loss of data
c:\users\juggernaut\documents\opengl\c++ game programming\projects\twl\twl\detectcollisions.cpp(28): warning C4244: 'argument': conversion from 'int' to 'float', possible loss of data
c:\users\juggernaut\documents\opengl\c++ game programming\projects\twl\twl\detectcollisions.cpp(33): warning C4244: 'argument': conversion from 'const int' to 'float', possible loss of data
c:\users\juggernaut\documents\opengl\c++ game programming\projects\twl\twl\detectcollisions.cpp(41): warning C4244: '=': conversion from 'int' to 'float', possible loss of data
c:\users\juggernaut\documents\opengl\c++ game programming\projects\twl\twl\detectcollisions.cpp(42): warning C4244: '=': conversion from 'int' to 'float', possible loss of data
c:\users\juggernaut\documents\opengl\c++ game programming\projects\twl\twl\detectcollisions.cpp(49): warning C4244: 'argument': conversion from 'const int' to 'float', possible loss of data
  Bob.cpp
  Generating Code...
  TWL.vcxproj -> C:\Users\Juggernaut\Documents\OpenGL\C++ Game Programming\Projects\TWL\x64\Debug\TWL.exe
